Arguments: 
  /usr/local/Cellar/node/11.9.0/bin/node /usr/local/Cellar/yarn/1.13.0/libexec/bin/yarn.js add @material-ui/core @material-ui/icons classnames gatsby gatsby-image gatsby-plugin-feed gatsby-plugin-google-analytics gatsby-plugin-manifest gatsby-plugin-offline gatsby-plugin-sharp gatsby-source-filesystem gatsby-transformer-sharp prop-types react react-dom react-jss ypeface-homemade-apple typeface-open-sans

PATH: 
  /usr/local/bin:/usr/bin:/bin:/usr/sbin:/sbin

Yarn version: 
  1.13.0

Node version: 
  11.9.0

Platform: 
  darwin x64

Trace: 
  Error: https://registry.yarnpkg.com/ypeface-homemade-apple: Not found
      at Request.params.callback [as _callback] (/usr/local/Cellar/yarn/1.13.0/libexec/lib/cli.js:66255:18)
      at Request.self.callback (/usr/local/Cellar/yarn/1.13.0/libexec/lib/cli.js:129397:22)
      at Request.emit (events.js:197:13)
      at Request.<anonymous> (/usr/local/Cellar/yarn/1.13.0/libexec/lib/cli.js:130369:10)
      at Request.emit (events.js:197:13)
      at IncomingMessage.<anonymous> (/usr/local/Cellar/yarn/1.13.0/libexec/lib/cli.js:130291:12)
      at Object.onceWrapper (events.js:285:13)
      at IncomingMessage.emit (events.js:202:15)
      at endReadableNT (_stream_readable.js:1129:12)
      at processTicksAndRejections (internal/process/next_tick.js:76:17)

npm manifest: 
  {
    "name": "alyssa-butler-portfolio",
    "description": "Alyssa Butler Portfolio",
    "version": "1.0.0",
    "author": "Alyssa Butler",
    "private": true,
    "dependencies": {
      "@babel/runtime": "^7.2.0",
      "@material-ui/core": "^3.6.2",
      "@material-ui/icons": "^3.0.1",
      "babel-cli": "^7.0.0-beta.3",
      "classnames": "^2.2.6",
      "gatsby": "^2.0.67",
      "gatsby-image": "^2.0.25",
      "gatsby-plugin-feed": "^2.0.11",
      "gatsby-plugin-google-analytics": "^2.0.8",
      "gatsby-plugin-manifest": "^2.0.12",
      "gatsby-plugin-netlify": "^2.0.6",
      "gatsby-plugin-netlify-cache": "^0.1.0",
      "gatsby-plugin-offline": "^2.0.19",
      "gatsby-plugin-sharp": "^2.0.15",
      "gatsby-source-filesystem": "^2.0.12",
      "gatsby-transformer-sharp": "^2.1.9",
      "prop-types": "^15.6.2",
      "react": "^16.7.0-alpha.0",
      "react-dom": "^16.7.0-alpha.0",
      "react-jss": "^8.6.1",
      "typeface-homemade-apple": "0.0.54",
      "typeface-open-sans": "0.0.54"
    },
    "peerDependencies": {},
    "homepage": "https://github.com/cabutler10",
    "keywords": [
      "alyssa butler"
    ],
    "license": "MIT",
    "main": "n/a",
    "repository": {
      "type": "git",
      "url": "git+https://github.com/cabutler10"
    },
    "scripts": {
      "develop": "gatsby develop",
      "build": "gatsby build"
    }
  }

yarn manifest: 
  No manifest

Lockfile: 
  No lockfile
